<?xml version="1.0" encoding="UTF-8"?>
<robot generator="Robot 4.1.3 (Python 3.9.2 on win32)" generated="20221203 23:28:14.636" rpa="false" schemaversion="2">
<suite id="s1" name="DataBaseTest" source="C:\Users\sourabna\PycharmProjects\DataBaseTesting\TestCases\DataBaseTest.robot">
<test id="s1-t1" name="Verify Successful creation of Table">
<kw name="Connect DB">
<kw name="Connect To Database" library="DatabaseLibrary">
<arg>pymysql</arg>
<arg>${DBName}</arg>
<arg>${DBUser}</arg>
<arg>${DBPassword}</arg>
<arg>${DBHost}</arg>
<arg>${DBPort}</arg>
<doc>Loads the DB API 2.0 module given `dbapiModuleName` then uses it to
connect to the database using `dbName`, `dbUsername`, and `dbPassword`.</doc>
<msg timestamp="20221203 23:28:14.836" level="INFO">Connecting using : pymysql.connect(db=robot_fr_test, user=robot_fr_test, passwd=Le@rning9752, host=db4free.net, port=3306, charset=None) </msg>
<status status="PASS" starttime="20221203 23:28:14.720" endtime="20221203 23:28:15.849"/>
</kw>
<status status="PASS" starttime="20221203 23:28:14.720" endtime="20221203 23:28:15.850"/>
</kw>
<kw name="Execute Sql String" library="DatabaseLibrary">
<var>${output}</var>
<arg>CREATE TABLE Persons (PersonID int, FirstName varchar(255), Address varchar(255), city varchar(255));</arg>
<doc>Executes the sqlString as SQL commands. Useful to pass arguments to your sql. Set optional input `sansTran` to
True to run command without an explicit transaction commit or rollback.</doc>
<msg timestamp="20221203 23:28:15.853" level="INFO">Executing : Execute SQL String  |  CREATE TABLE Persons (PersonID int, FirstName varchar(255), Address varchar(255), city varchar(255)); </msg>
<msg timestamp="20221203 23:28:16.309" level="FAIL">OperationalError: (1050, "Table 'Persons' already exists")</msg>
<status status="FAIL" starttime="20221203 23:28:15.852" endtime="20221203 23:28:16.309"/>
</kw>
<kw name="Should Be Equal As Strings" library="BuiltIn">
<arg>${output}</arg>
<arg>None</arg>
<doc>Fails if objects are unequal after converting them to strings.</doc>
<status status="NOT RUN" starttime="20221203 23:28:16.314" endtime="20221203 23:28:16.314"/>
</kw>
<doc>The test case verifies that user is able to create the database table successfully</doc>
<status status="FAIL" starttime="20221203 23:28:14.719" endtime="20221203 23:28:16.316">OperationalError: (1050, "Table 'Persons' already exists")</status>
</test>
<test id="s1-t2" name="Verfy Data Insertion In Table">
<kw name="Execute Sql Script" library="DatabaseLibrary">
<var>${output}</var>
<arg>./Resources/DB Data/insert.sql</arg>
<doc>Executes the content of the `sqlScriptFileName` as SQL commands. Useful for setting the database to a known
state before running your tests, or clearing out your test data after running each a test. Set optional input
`sansTran` to True to run command without an explicit transaction commit or rollback.</doc>
<msg timestamp="20221203 23:28:16.326" level="INFO">Executing : Execute SQL Script  |  ./Resources/DB Data/insert.sql </msg>
<msg timestamp="20221203 23:28:17.452" level="INFO">${output} = None</msg>
<status status="PASS" starttime="20221203 23:28:16.324" endtime="20221203 23:28:17.452"/>
</kw>
<kw name="Should Be Equal As Strings" library="BuiltIn">
<arg>${output}</arg>
<arg>None</arg>
<doc>Fails if objects are unequal after converting them to strings.</doc>
<msg timestamp="20221203 23:28:17.456" level="INFO">Argument types are:
&lt;class 'NoneType'&gt;
&lt;type 'unicode'&gt;</msg>
<status status="PASS" starttime="20221203 23:28:17.455" endtime="20221203 23:28:17.457"/>
</kw>
<doc>The test case verifies that the user is able to insert the data in table successfully</doc>
<status status="PASS" starttime="20221203 23:28:16.322" endtime="20221203 23:28:17.459"/>
</test>
<doc>Data Base testing in Robot Framework</doc>
<status status="FAIL" starttime="20221203 23:28:14.640" endtime="20221203 23:28:17.465"/>
</suite>
<statistics>
<total>
<stat pass="1" fail="1" skip="0">All Tests</stat>
</total>
<tag>
</tag>
<suite>
<stat pass="1" fail="1" skip="0" id="s1" name="DataBaseTest">DataBaseTest</stat>
</suite>
</statistics>
<errors>
</errors>
</robot>
